0 info it worked if it ends with ok
1 verbose cli [ 'C:\\Program Files\\nodejs\\node.exe',
1 verbose cli   'C:\\Users\\Bruno\\AppData\\Roaming\\npm\\node_modules\\npm\\bin\\npm-cli.js',
1 verbose cli   'install',
1 verbose cli   'jspm-cli',
1 verbose cli   '-g' ]
2 info using npm@2.13.3
3 info using node@v4.1.1
4 verbose install initial load of C:\Users\Bruno\AppData\Roaming\npm\package.json
5 verbose readDependencies loading dependencies from C:\Users\Bruno\AppData\Roaming\npm\package.json
6 silly cache add args [ 'jspm-cli', null ]
7 verbose cache add spec jspm-cli
8 silly cache add parsed spec Result {
8 silly cache add   raw: 'jspm-cli',
8 silly cache add   scope: null,
8 silly cache add   name: 'jspm-cli',
8 silly cache add   rawSpec: '',
8 silly cache add   spec: '*',
8 silly cache add   type: 'range' }
9 silly addNamed jspm-cli@*
10 verbose addNamed "*" is a valid semver range for jspm-cli
11 silly addNameRange { name: 'jspm-cli', range: '*', hasData: false }
12 silly mapToRegistry name jspm-cli
13 silly mapToRegistry using default registry
14 silly mapToRegistry registry https://registry.npmjs.org/
15 silly mapToRegistry uri https://registry.npmjs.org/jspm-cli
16 verbose addNameRange registry:https://registry.npmjs.org/jspm-cli not in flight; fetching
17 verbose request uri https://registry.npmjs.org/jspm-cli
18 verbose request no auth needed
19 info attempt registry request try #1 at 12:50:35
20 verbose request id 2019cb849e456732
21 http request GET https://registry.npmjs.org/jspm-cli
22 http 404 https://registry.npmjs.org/jspm-cli
23 verbose headers { 'content-type': 'application/json',
23 verbose headers   'cache-control': 'max-age=0',
23 verbose headers   'content-length': '2',
23 verbose headers   'accept-ranges': 'bytes',
23 verbose headers   date: 'Fri, 28 Jul 2017 11:50:34 GMT',
23 verbose headers   via: '1.1 varnish',
23 verbose headers   age: '0',
23 verbose headers   connection: 'keep-alive',
23 verbose headers   'x-served-by': 'cache-mad9432-MAD',
23 verbose headers   'x-cache': 'MISS',
23 verbose headers   'x-cache-hits': '0',
23 verbose headers   'x-timer': 'S1501242634.141275,VS0,VE488',
23 verbose headers   vary: 'Accept-Encoding' }
24 silly get cb [ 404,
24 silly get   { 'content-type': 'application/json',
24 silly get     'cache-control': 'max-age=0',
24 silly get     'content-length': '2',
24 silly get     'accept-ranges': 'bytes',
24 silly get     date: 'Fri, 28 Jul 2017 11:50:34 GMT',
24 silly get     via: '1.1 varnish',
24 silly get     age: '0',
24 silly get     connection: 'keep-alive',
24 silly get     'x-served-by': 'cache-mad9432-MAD',
24 silly get     'x-cache': 'MISS',
24 silly get     'x-cache-hits': '0',
24 silly get     'x-timer': 'S1501242634.141275,VS0,VE488',
24 silly get     vary: 'Accept-Encoding' } ]
25 verbose stack Error: Registry returned 404 for GET on https://registry.npmjs.org/jspm-cli
25 verbose stack     at CachingRegistryClient.<anonymous> (C:\Users\Bruno\AppData\Roaming\npm\node_modules\npm\node_modules\npm-registry-client\lib\request.js:239:14)
25 verbose stack     at Request._callback (C:\Users\Bruno\AppData\Roaming\npm\node_modules\npm\node_modules\npm-registry-client\lib\request.js:170:14)
25 verbose stack     at Request.self.callback (C:\Users\Bruno\AppData\Roaming\npm\node_modules\npm\node_modules\request\request.js:198:22)
25 verbose stack     at emitTwo (events.js:87:13)
25 verbose stack     at Request.emit (events.js:172:7)
25 verbose stack     at Request.<anonymous> (C:\Users\Bruno\AppData\Roaming\npm\node_modules\npm\node_modules\request\request.js:1057:14)
25 verbose stack     at emitOne (events.js:82:20)
25 verbose stack     at Request.emit (events.js:169:7)
25 verbose stack     at IncomingMessage.<anonymous> (C:\Users\Bruno\AppData\Roaming\npm\node_modules\npm\node_modules\request\request.js:1003:12)
25 verbose stack     at emitNone (events.js:72:20)
26 verbose statusCode 404
27 verbose pkgid jspm-cli
28 verbose cwd D:\documents\dev\tinymce-repro
29 error Windows_NT 10.0.15063
30 error argv "C:\\Program Files\\nodejs\\node.exe" "C:\\Users\\Bruno\\AppData\\Roaming\\npm\\node_modules\\npm\\bin\\npm-cli.js" "install" "jspm-cli" "-g"
31 error node v4.1.1
32 error npm  v2.13.3
33 error code E404
34 error 404 Registry returned 404 for GET on https://registry.npmjs.org/jspm-cli
34 error 404
34 error 404 'jspm-cli' is not in the npm registry.
34 error 404 You should bug the author to publish it (or use the name yourself!)
34 error 404
34 error 404 Note that you can also install from a
34 error 404 tarball, folder, http url, or git url.
35 verbose exit [ 1, true ]
